select * from ulan_mitigations where (`ip` in ('123.1.1.26','123.1.1.35','123.1.0.16'))
====================================================================================================
array (
  0 => 
  array (
    'file' => '/home/wwwroot/default/ulan/crontabs/vendor/landers/substrate/src/Classes/MySQL.php',
    'line' => 278,
    'function' => 'save_log',
    'class' => 'Landers\\Substrate\\Classes\\MySQL',
    'type' => '->',
    'args' => 
    array (
      0 => 'select * from ulan_mitigations where (`ip` in (\'123.1.1.26\',\'123.1.1.35\',\'123.1.0.16\'))',
    ),
  ),
  1 => 
  array (
    'file' => '/home/wwwroot/default/ulan/crontabs/vendor/landers/substrate/src/Classes/DBModel.php',
    'line' => 191,
    'function' => 'query',
    'class' => 'Landers\\Substrate\\Classes\\MySQL',
    'type' => '->',
    'args' => 
    array (
      0 => 'select * from ulan_mitigations where (`ip` in (\'123.1.1.26\',\'123.1.1.35\',\'123.1.0.16\'))',
      1 => 1,
      2 => false,
    ),
  ),
  2 => 
  array (
    'file' => '/home/wwwroot/default/ulan/crontabs/vendor/landers/substrate/src/Classes/DBModel.php',
    'line' => 175,
    'function' => 'listall',
    'class' => 'Landers\\Substrate\\Classes\\DBModel',
    'type' => '->',
    'args' => 
    array (
      0 => 
      array (
        'awhere' => 
        array (
          'ip' => 
          array (
            0 => '123.1.1.26',
            1 => '123.1.1.35',
            4 => '123.1.0.16',
          ),
        ),
        'askey' => 'ip',
      ),
    ),
  ),
  3 => 
  array (
    'file' => '/home/wwwroot/default/ulan/crontabs/vendor/landers/framework/src/Core/StaticRepository.php',
    'line' => 41,
    'function' => 'lists',
    'class' => 'Landers\\Substrate\\Classes\\DBModel',
    'type' => '->',
    'args' => 
    array (
      0 => 
      array (
        'awhere' => 
        array (
          'ip' => 
          array (
            0 => '123.1.1.26',
            1 => '123.1.1.35',
            4 => '123.1.0.16',
          ),
        ),
        'askey' => 'ip',
      ),
    ),
  ),
  4 => 
  array (
    'file' => '/home/wwwroot/default/ulan/crontabs/apps/DefendBilling/actions/default.php',
    'line' => 72,
    'function' => '__callStatic',
    'class' => 'Landers\\Framework\\Core\\StaticRepository',
    'type' => '::',
    'args' => 
    array (
      0 => 'lists',
      1 => 
      array (
        0 => 
        array (
          'awhere' => 
          array (
            'ip' => 
            array (
              0 => '123.1.1.26',
              1 => '123.1.1.35',
              4 => '123.1.0.16',
            ),
          ),
          'askey' => 'ip',
        ),
      ),
    ),
  ),
  5 => 
  array (
    'file' => '/home/wwwroot/default/ulan/crontabs/vendor/landers/framework/src/Adapters/System/LcliSystem.php',
    'line' => 113,
    'args' => 
    array (
      0 => '/home/wwwroot/default/ulan/crontabs/apps/DefendBilling/actions/default.php',
    ),
    'function' => 'include',
  ),
  6 => 
  array (
    'function' => 'init',
    'class' => 'Landers\\Framework\\Adapters\\System\\LcliSystem',
    'type' => '::',
    'args' => 
    array (
    ),
  ),
  7 => 
  array (
    'file' => '/home/wwwroot/default/ulan/crontabs/vendor/landers/framework/src/Core/System.php',
    'line' => 46,
    'function' => 'call_user_func_array',
    'args' => 
    array (
      0 => 
      array (
        0 => '\\Landers\\Framework\\Adapters\\System\\LcliSystem',
        1 => 'init',
      ),
      1 => 
      array (
      ),
    ),
  ),
  8 => 
  array (
    'file' => '/home/wwwroot/default/ulan/crontabs/app',
    'line' => 13,
    'function' => 'init',
    'class' => 'Landers\\Framework\\Core\\System',
    'type' => '::',
    'args' => 
    array (
      0 => 'LCLI',
    ),
  ),
)
----------------------------------------------------------------------------------------------------




select * from ulan_mitigations where (`ip` in ('123.1.1.26','123.1.1.35','123.1.0.16'))
====================================================================================================
array (
  0 => 
  array (
    'file' => '/home/wwwroot/default/ulan/crontabs/vendor/landers/substrate/src/Classes/MySQL.php',
    'line' => 278,
    'function' => 'save_log',
    'class' => 'Landers\\Substrate\\Classes\\MySQL',
    'type' => '->',
    'args' => 
    array (
      0 => 'select * from ulan_mitigations where (`ip` in (\'123.1.1.26\',\'123.1.1.35\',\'123.1.0.16\'))',
    ),
  ),
  1 => 
  array (
    'file' => '/home/wwwroot/default/ulan/crontabs/vendor/landers/substrate/src/Classes/DBModel.php',
    'line' => 191,
    'function' => 'query',
    'class' => 'Landers\\Substrate\\Classes\\MySQL',
    'type' => '->',
    'args' => 
    array (
      0 => 'select * from ulan_mitigations where (`ip` in (\'123.1.1.26\',\'123.1.1.35\',\'123.1.0.16\'))',
      1 => 1,
      2 => false,
    ),
  ),
  2 => 
  array (
    'file' => '/home/wwwroot/default/ulan/crontabs/vendor/landers/substrate/src/Classes/DBModel.php',
    'line' => 198,
    'function' => 'listall',
    'class' => 'Landers\\Substrate\\Classes\\DBModel',
    'type' => '->',
    'args' => 
    array (
      0 => 
      array (
        'awhere' => 
        array (
          'ip' => 
          array (
            0 => '123.1.1.26',
            1 => '123.1.1.35',
            4 => '123.1.0.16',
          ),
        ),
        'askey' => 'ip',
      ),
    ),
  ),
  3 => 
  array (
    'file' => '/home/wwwroot/default/ulan/crontabs/vendor/landers/substrate/src/Classes/DBModel.php',
    'line' => 175,
    'function' => 'listall',
    'class' => 'Landers\\Substrate\\Classes\\DBModel',
    'type' => '->',
    'args' => 
    array (
      0 => 
      array (
        'awhere' => 
        array (
          'ip' => 
          array (
            0 => '123.1.1.26',
            1 => '123.1.1.35',
            4 => '123.1.0.16',
          ),
        ),
        'askey' => 'ip',
      ),
    ),
  ),
  4 => 
  array (
    'file' => '/home/wwwroot/default/ulan/crontabs/vendor/landers/framework/src/Core/StaticRepository.php',
    'line' => 41,
    'function' => 'lists',
    'class' => 'Landers\\Substrate\\Classes\\DBModel',
    'type' => '->',
    'args' => 
    array (
      0 => 
      array (
        'awhere' => 
        array (
          'ip' => 
          array (
            0 => '123.1.1.26',
            1 => '123.1.1.35',
            4 => '123.1.0.16',
          ),
        ),
        'askey' => 'ip',
      ),
    ),
  ),
  5 => 
  array (
    'file' => '/home/wwwroot/default/ulan/crontabs/apps/DefendBilling/actions/default.php',
    'line' => 72,
    'function' => '__callStatic',
    'class' => 'Landers\\Framework\\Core\\StaticRepository',
    'type' => '::',
    'args' => 
    array (
      0 => 'lists',
      1 => 
      array (
        0 => 
        array (
          'awhere' => 
          array (
            'ip' => 
            array (
              0 => '123.1.1.26',
              1 => '123.1.1.35',
              4 => '123.1.0.16',
            ),
          ),
          'askey' => 'ip',
        ),
      ),
    ),
  ),
  6 => 
  array (
    'file' => '/home/wwwroot/default/ulan/crontabs/vendor/landers/framework/src/Adapters/System/LcliSystem.php',
    'line' => 113,
    'args' => 
    array (
      0 => '/home/wwwroot/default/ulan/crontabs/apps/DefendBilling/actions/default.php',
    ),
    'function' => 'include',
  ),
  7 => 
  array (
    'function' => 'init',
    'class' => 'Landers\\Framework\\Adapters\\System\\LcliSystem',
    'type' => '::',
    'args' => 
    array (
    ),
  ),
  8 => 
  array (
    'file' => '/home/wwwroot/default/ulan/crontabs/vendor/landers/framework/src/Core/System.php',
    'line' => 46,
    'function' => 'call_user_func_array',
    'args' => 
    array (
      0 => 
      array (
        0 => '\\Landers\\Framework\\Adapters\\System\\LcliSystem',
        1 => 'init',
      ),
      1 => 
      array (
      ),
    ),
  ),
  9 => 
  array (
    'file' => '/home/wwwroot/default/ulan/crontabs/app',
    'line' => 13,
    'function' => 'init',
    'class' => 'Landers\\Framework\\Core\\System',
    'type' => '::',
    'args' => 
    array (
      0 => 'LCLI',
    ),
  ),
)
----------------------------------------------------------------------------------------------------





            SELECT
                m.uid,
                m.ip,
                m.ability,
                d.price_rules
            FROM
                ulan_mitigations AS m
            LEFT JOIN ulan_datacenter AS d ON d.id = m.datacenter_id
            LEFT JOIN ulan_instances AS i ON i.mainipaddress = m.ip
            WHERE
                billing = 'hour'
            AND i.expire > 1477537834
====================================================================================================
array (
  0 => 
  array (
    'file' => '/home/wwwroot/default/ulan/crontabs/vendor/landers/substrate/src/Classes/MySQL.php',
    'line' => 278,
    'function' => 'save_log',
    'class' => 'Landers\\Substrate\\Classes\\MySQL',
    'type' => '->',
    'args' => 
    array (
      0 => '
            SELECT
                m.uid,
                m.ip,
                m.ability,
                d.price_rules
            FROM
                ulan_mitigations AS m
            LEFT JOIN ulan_datacenter AS d ON d.id = m.datacenter_id
            LEFT JOIN ulan_instances AS i ON i.mainipaddress = m.ip
            WHERE
                billing = \'hour\'
            AND i.expire > 1477537834',
    ),
  ),
  1 => 
  array (
    'file' => '/home/wwwroot/default/ulan/crontabs/vendor/landers/substrate/src/Classes/DBModel.php',
    'line' => 821,
    'function' => 'query',
    'class' => 'Landers\\Substrate\\Classes\\MySQL',
    'type' => '->',
    'args' => 
    array (
      0 => '
            SELECT
                m.uid,
                m.ip,
                m.ability,
                d.price_rules
            FROM
                ulan_mitigations AS m
            LEFT JOIN ulan_datacenter AS d ON d.id = m.datacenter_id
            LEFT JOIN ulan_instances AS i ON i.mainipaddress = m.ip
            WHERE
                billing = \'hour\'
            AND i.expire > 1477537834',
    ),
  ),
  2 => 
  array (
    'file' => '/home/wwwroot/default/ulan/crontabs/vendor/landers/framework/src/Core/StaticRepository.php',
    'line' => 41,
    'function' => 'query',
    'class' => 'Landers\\Substrate\\Classes\\DBModel',
    'type' => '->',
    'args' => 
    array (
      0 => '
            SELECT
                m.uid,
                m.ip,
                m.ability,
                d.price_rules
            FROM
                ulan_mitigations AS m
            LEFT JOIN ulan_datacenter AS d ON d.id = m.datacenter_id
            LEFT JOIN ulan_instances AS i ON i.mainipaddress = m.ip
            WHERE
                billing = \'hour\'
            AND i.expire > 1477537834',
    ),
  ),
  3 => 
  array (
    'file' => '/home/wwwroot/default/ulan/crontabs/package/Repositories/Mitigation.php',
    'line' => 225,
    'function' => '__callStatic',
    'class' => 'Landers\\Framework\\Core\\StaticRepository',
    'type' => '::',
    'args' => 
    array (
      0 => 'query',
      1 => 
      array (
        0 => '
            SELECT
                m.uid,
                m.ip,
                m.ability,
                d.price_rules
            FROM
                ulan_mitigations AS m
            LEFT JOIN ulan_datacenter AS d ON d.id = m.datacenter_id
            LEFT JOIN ulan_instances AS i ON i.mainipaddress = m.ip
            WHERE
                billing = \'hour\'
            AND i.expire > 1477537834',
      ),
    ),
  ),
  4 => 
  array (
    'file' => '/home/wwwroot/default/ulan/crontabs/apps/CheckBalance/actions/default.php',
    'line' => 8,
    'function' => 'hourMits',
    'class' => 'Mitigation',
    'type' => '::',
    'args' => 
    array (
    ),
  ),
  5 => 
  array (
    'file' => '/home/wwwroot/default/ulan/crontabs/vendor/landers/framework/src/Adapters/System/LcliSystem.php',
    'line' => 113,
    'args' => 
    array (
      0 => '/home/wwwroot/default/ulan/crontabs/apps/CheckBalance/actions/default.php',
    ),
    'function' => 'include',
  ),
  6 => 
  array (
    'function' => 'init',
    'class' => 'Landers\\Framework\\Adapters\\System\\LcliSystem',
    'type' => '::',
    'args' => 
    array (
    ),
  ),
  7 => 
  array (
    'file' => '/home/wwwroot/default/ulan/crontabs/vendor/landers/framework/src/Core/System.php',
    'line' => 46,
    'function' => 'call_user_func_array',
    'args' => 
    array (
      0 => 
      array (
        0 => '\\Landers\\Framework\\Adapters\\System\\LcliSystem',
        1 => 'init',
      ),
      1 => 
      array (
      ),
    ),
  ),
  8 => 
  array (
    'file' => '/home/wwwroot/default/ulan/crontabs/app',
    'line' => 13,
    'function' => 'init',
    'class' => 'Landers\\Framework\\Core\\System',
    'type' => '::',
    'args' => 
    array (
      0 => 'LCLI',
    ),
  ),
)
----------------------------------------------------------------------------------------------------




